This is pdfTeX, Version 3.141592653-2.6-1.40.25 (TeX Live 2023/Debian) (preloaded format=pdflatex 2023.11.19)  11 DEC 2023 17:38
entering extended mode
 restricted \write18 enabled.
 %&-line parsing enabled.
**Automotriz.tex
(./Automotriz.tex
LaTeX2e <2023-06-01>
L3 programming layer <2023-06-05>
(/usr/share/texlive/texmf-dist/tex/latex/base/article.cls
Document Class: article 2023/05/17 v1.4n Standard LaTeX document class
(/usr/share/texlive/texmf-dist/tex/latex/base/size12.clo
File: size12.clo 2023/05/17 v1.4n Standard LaTeX file (size option)
)
\c@part=\count185
\c@section=\count186
\c@subsection=\count187
\c@subsubsection=\count188
\c@paragraph=\count189
\c@subparagraph=\count190
\c@figure=\count191
\c@table=\count192
\abovecaptionskip=\skip48
\belowcaptionskip=\skip49
\bibindent=\dimen140
)
(/usr/share/texlive/texmf-dist/tex/latex/base/inputenc.sty
Package: inputenc 2021/02/14 v1.3d Input encoding file
\inpenc@prehook=\toks17
\inpenc@posthook=\toks18
)
(/usr/share/texlive/texmf-dist/tex/latex/graphics/graphicx.sty
Package: graphicx 2021/09/16 v1.2d Enhanced LaTeX Graphics (DPC,SPQR)

(/usr/share/texlive/texmf-dist/tex/latex/graphics/keyval.sty
Package: keyval 2022/05/29 v1.15 key=value parser (DPC)
\KV@toks@=\toks19
)
(/usr/share/texlive/texmf-dist/tex/latex/graphics/graphics.sty
Package: graphics 2022/03/10 v1.4e Standard LaTeX Graphics (DPC,SPQR)

(/usr/share/texlive/texmf-dist/tex/latex/graphics/trig.sty
Package: trig 2021/08/11 v1.11 sin cos tan (DPC)
)
(/usr/share/texlive/texmf-dist/tex/latex/graphics-cfg/graphics.cfg
File: graphics.cfg 2016/06/04 v1.11 sample graphics configuration
)
Package graphics Info: Driver file: pdftex.def on input line 107.

(/usr/share/texlive/texmf-dist/tex/latex/graphics-def/pdftex.def
File: pdftex.def 2022/09/22 v1.2b Graphics/color driver for pdftex
))
\Gin@req@height=\dimen141
\Gin@req@width=\dimen142
)
(/usr/share/texlive/texmf-dist/tex/latex/titling/titling.sty
Package: titling 2009/09/04 v2.1d maketitle typesetting
\thanksmarkwidth=\skip50
\thanksmargin=\skip51
\droptitle=\skip52
)
(/usr/share/texlive/texmf-dist/tex/latex/datetime/datetime.sty
Package: datetime 2015/03/20 v2.60 Date Time Package

(/usr/share/texlive/texmf-dist/tex/latex/etoolbox/etoolbox.sty
Package: etoolbox 2020/10/05 v2.5k e-TeX tools for LaTeX (JAW)
\etb@tempcnta=\count193
)
(/usr/share/texlive/texmf-dist/tex/latex/fmtcount/fmtcount.sty
Package: fmtcount 2020/01/30 v3.07

(/usr/share/texlive/texmf-dist/tex/latex/base/ifthen.sty
Package: ifthen 2022/04/13 v1.1d Standard LaTeX ifthen package (DPC)
)
(/usr/share/texlive/texmf-dist/tex/latex/xkeyval/xkeyval.sty
Package: xkeyval 2022/06/16 v2.9 package option processing (HA)

(/usr/share/texlive/texmf-dist/tex/generic/xkeyval/xkeyval.tex
(/usr/share/texlive/texmf-dist/tex/generic/xkeyval/xkvutils.tex
\XKV@toks=\toks20
\XKV@tempa@toks=\toks21
)
\XKV@depth=\count194
File: xkeyval.tex 2014/12/03 v2.7a key=value parser (HA)
))
(/usr/share/texlive/texmf-dist/tex/latex/fmtcount/fcprefix.sty
Package: fcprefix 2012/09/28

(/usr/share/texlive/texmf-dist/tex/latex/fmtcount/fcnumparser.sty
Package: fcnumparser 2017/06/15
\fc@digit@counter=\count195
))
(/usr/share/texlive/texmf-dist/tex/latex/amsmath/amsgen.sty
File: amsgen.sty 1999/11/30 v2.0 generic functions
\@emptytoks=\toks22
\ex@=\dimen143
)
\c@padzeroesN=\count196
\fc@tmpcatcode=\count197
\@DT@modctr=\count198
\@ordinalctr=\count199
\@orgargctr=\count266
\@strctr=\count267
\@tmpstrctr=\count268
\@DT@loopN=\count269
\@DT@X=\count270
)
(/usr/share/texlive/texmf-dist/tex/latex/datetime/datetime-defaults.sty
Package: datetime-defaults 2013/09/10
)
\@day=\count271
\@month=\count272
\@year=\count273
\c@HOUR=\count274
\c@HOURXII=\count275
\c@MINUTE=\count276
\c@TOHOUR=\count277
\c@TOMINUTE=\count278
\c@SECOND=\count279
\currenthour=\count280
\currentminute=\count281
\currentsecond=\count282
Package datetime Info: No datetime.cfg file found, using default settings on in
put line 308.
\@dtctr=\count283
\dayofyear=\count284
\dayofweek=\count285
LaTeX Info: Redefining \today on input line 736.
\dt@a=\toks23
\dt@b=\toks24
)
(/usr/share/texlive/texmf-dist/tex/latex/enumitem/enumitem.sty
Package: enumitem 2019/06/20 v3.9 Customized lists
\labelindent=\skip53
\enit@outerparindent=\dimen144
\enit@toks=\toks25
\enit@inbox=\box51
\enit@count@id=\count286
\enitdp@description=\count287
)
(/usr/share/texlive/texmf-dist/tex/latex/xcolor/xcolor.sty
Package: xcolor 2022/06/12 v2.14 LaTeX color extensions (UK)

(/usr/share/texlive/texmf-dist/tex/latex/graphics-cfg/color.cfg
File: color.cfg 2016/01/02 v1.6 sample color configuration
)
Package xcolor Info: Driver file: pdftex.def on input line 227.

(/usr/share/texlive/texmf-dist/tex/latex/graphics/mathcolor.ltx)
Package xcolor Info: Model `cmy' substituted by `cmy0' on input line 1353.
Package xcolor Info: Model `hsb' substituted by `rgb' on input line 1357.
Package xcolor Info: Model `RGB' extended on input line 1369.
Package xcolor Info: Model `HTML' substituted by `rgb' on input line 1371.
Package xcolor Info: Model `Hsb' substituted by `hsb' on input line 1372.
Package xcolor Info: Model `tHsb' substituted by `hsb' on input line 1373.
Package xcolor Info: Model `HSB' substituted by `hsb' on input line 1374.
Package xcolor Info: Model `Gray' substituted by `gray' on input line 1375.
Package xcolor Info: Model `wave' substituted by `hsb' on input line 1376.
)
(/usr/share/texlive/texmf-dist/tex/latex/listings/listings.sty
\lst@mode=\count288
\lst@gtempboxa=\box52
\lst@token=\toks26
\lst@length=\count289
\lst@currlwidth=\dimen145
\lst@column=\count290
\lst@pos=\count291
\lst@lostspace=\dimen146
\lst@width=\dimen147
\lst@newlines=\count292
\lst@lineno=\count293
\lst@maxwidth=\dimen148

(/usr/share/texlive/texmf-dist/tex/latex/listings/lstmisc.sty
File: lstmisc.sty 2023/02/27 1.9 (Carsten Heinz)
\c@lstnumber=\count294
\lst@skipnumbers=\count295
\lst@framebox=\box53
)
(/usr/share/texlive/texmf-dist/tex/latex/listings/listings.cfg
File: listings.cfg 2023/02/27 1.9 listings configuration
))
Package: listings 2023/02/27 1.9 (Carsten Heinz)

(/usr/share/texlive/texmf-dist/tex/latex/multirow/multirow.sty
Package: multirow 2021/03/15 v2.8 Span multiple rows of a table
\multirow@colwidth=\skip54
\multirow@cntb=\count296
\multirow@dima=\skip55
\bigstrutjot=\dimen149
)
(/usr/share/texlive/texmf-dist/tex/latex/geometry/geometry.sty
Package: geometry 2020/01/02 v5.9 Page Geometry

(/usr/share/texlive/texmf-dist/tex/generic/iftex/ifvtex.sty
Package: ifvtex 2019/10/25 v1.7 ifvtex legacy package. Use iftex instead.

(/usr/share/texlive/texmf-dist/tex/generic/iftex/iftex.sty
Package: iftex 2022/02/03 v1.0f TeX engine tests
))
\Gm@cnth=\count297
\Gm@cntv=\count298
\c@Gm@tempcnt=\count299
\Gm@bindingoffset=\dimen150
\Gm@wd@mp=\dimen151
\Gm@odd@mp=\dimen152
\Gm@even@mp=\dimen153
\Gm@layoutwidth=\dimen154
\Gm@layoutheight=\dimen155
\Gm@layouthoffset=\dimen156
\Gm@layoutvoffset=\dimen157
\Gm@dimlist=\toks27
)
(/usr/share/texlive/texmf-dist/tex/latex/l3backend/l3backend-pdftex.def
File: l3backend-pdftex.def 2023-04-19 L3 backend support: PDF output (pdfTeX)
\l__color_backend_stack_int=\count300
\l__pdf_internal_box=\box54
)
(./Automotriz.aux

LaTeX Warning: Label `fig:modelo-conceptual' multiply defined.

)
\openout1 = `Automotriz.aux'.

LaTeX Font Info:    Checking defaults for OML/cmm/m/it on input line 34.
LaTeX Font Info:    ... okay on input line 34.
LaTeX Font Info:    Checking defaults for OMS/cmsy/m/n on input line 34.
LaTeX Font Info:    ... okay on input line 34.
LaTeX Font Info:    Checking defaults for OT1/cmr/m/n on input line 34.
LaTeX Font Info:    ... okay on input line 34.
LaTeX Font Info:    Checking defaults for T1/cmr/m/n on input line 34.
LaTeX Font Info:    ... okay on input line 34.
LaTeX Font Info:    Checking defaults for TS1/cmr/m/n on input line 34.
LaTeX Font Info:    ... okay on input line 34.
LaTeX Font Info:    Checking defaults for OMX/cmex/m/n on input line 34.
LaTeX Font Info:    ... okay on input line 34.
LaTeX Font Info:    Checking defaults for U/cmr/m/n on input line 34.
LaTeX Font Info:    ... okay on input line 34.
 (/usr/share/texlive/texmf-dist/tex/context/base/mkii/supp-pdf.mkii
[Loading MPS to PDF converter (version 2006.09.02).]
\scratchcounter=\count301
\scratchdimen=\dimen158
\scratchbox=\box55
\nofMPsegments=\count302
\nofMParguments=\count303
\everyMPshowfont=\toks28
\MPscratchCnt=\count304
\MPscratchDim=\dimen159
\MPnumerator=\count305
\makeMPintoPDFobject=\count306
\everyMPtoPDFconversion=\toks29
) (/usr/share/texlive/texmf-dist/tex/latex/epstopdf-pkg/epstopdf-base.sty
Package: epstopdf-base 2020-01-24 v2.11 Base part for package epstopdf
Package epstopdf-base Info: Redefining graphics rule for `.eps' on input line 4
85.

(/usr/share/texlive/texmf-dist/tex/latex/latexconfig/epstopdf-sys.cfg
File: epstopdf-sys.cfg 2010/07/13 v1.3 Configuration of (r)epstopdf for TeX Liv
e
))
(/usr/share/texlive/texmf-dist/tex/latex/fmtcount/fc-english.def
File: fc-english.def 2016/01/12
)
\c@lstlisting=\count307

*geometry* driver: auto-detecting
*geometry* detected driver: pdftex
*geometry* verbose mode - [ preamble ] result:
* driver: pdftex
* paper: <default>
* layout: <same size as paper>
* layoutoffset:(h,v)=(0.0pt,0.0pt)
* modes: 
* h-part:(L,W,R)=(85.35826pt, 443.57848pt, 85.35826pt)
* v-part:(T,H,B)=(85.35826pt, 624.25346pt, 85.35826pt)
* \paperwidth=614.295pt
* \paperheight=794.96999pt
* \textwidth=443.57848pt
* \textheight=624.25346pt
* \oddsidemargin=13.08827pt
* \evensidemargin=13.08827pt
* \topmargin=-23.91173pt
* \headheight=12.0pt
* \headsep=25.0pt
* \topskip=12.0pt
* \footskip=30.0pt
* \marginparwidth=44.0pt
* \marginparsep=10.0pt
* \columnsep=10.0pt
* \skip\footins=10.8pt plus 4.0pt minus 2.0pt
* \hoffset=0.0pt
* \voffset=0.0pt
* \mag=1000
* \@twocolumnfalse
* \@twosidefalse
* \@mparswitchfalse
* \@reversemarginfalse
* (1in=72.27pt=25.4mm, 1cm=28.453pt)

(/usr/share/texlive/texmf-dist/tex/latex/listings/lstlang1.sty
File: lstlang1.sty 2023/02/27 1.9 listings language file
)
<UNAM.png, id=1, 534.99875pt x 601.24625pt>
File: UNAM.png Graphic file (type png)
<use UNAM.png>
Package pdftex.def Info: UNAM.png  used on input line 58.
(pdftex.def)             Requested size: 106.45789pt x 119.63243pt.
<EFC.png, id=3, 449.68pt x 513.92pt>
File: EFC.png Graphic file (type png)
<use EFC.png>
Package pdftex.def Info: EFC.png  used on input line 58.
(pdftex.def)             Requested size: 106.45789pt x 121.66518pt.
 [1

{/var/lib/texmf/fonts/map/pdftex/updmap/pdftex.map} <./UNAM.png> <./EFC.png>] [
1]
<EAuto.png, id=17, 1798.72pt x 856.19875pt>
File: EAuto.png Graphic file (type png)
<use EAuto.png>
Package pdftex.def Info: EAuto.png  used on input line 138.
(pdftex.def)             Requested size: 399.21791pt x 190.0235pt.
<ERAuto.png, id=18, 1620.0525pt x 850.17625pt>
File: ERAuto.png Graphic file (type png)
<use ERAuto.png>
Package pdftex.def Info: ERAuto.png  used on input line 146.
(pdftex.def)             Requested size: 443.57848pt x 232.78084pt.
 [2 <./EAuto.png>]
LaTeX Font Info:    External font `cmex10' loaded for size
(Font)              <12> on input line 153.
LaTeX Font Info:    External font `cmex10' loaded for size
(Font)              <8> on input line 153.
LaTeX Font Info:    External font `cmex10' loaded for size
(Font)              <6> on input line 153.
 [3 <./ERAuto.png>] [4]
Overfull \hbox (17.40056pt too wide) in paragraph at lines 230--231
[]\OT1/cmr/m/n/12 FOREIGN KEY ("IDAuto") REF-ER-ENCES "Au-tos"("IDAuto") ON DEL
ETE
 []


Overfull \hbox (21.99207pt too wide) in paragraph at lines 232--233
[]\OT1/cmr/m/n/12 FOREIGN KEY ("IDEm-pleado") REF-ER-ENCES "Em-plea-dos"("IDEmp
leado")
 []

[5]
Overfull \hbox (17.40056pt too wide) in paragraph at lines 241--242
[]\OT1/cmr/m/n/12 FOREIGN KEY ("IDAuto") REF-ER-ENCES "Au-tos"("IDAuto") ON DEL
ETE
 []


Underfull \hbox (badness 10000) in paragraph at lines 245--247

 []

<Prueba1.png, id=37, 1146.2825pt x 616.3025pt>
File: Prueba1.png Graphic file (type png)
<use Prueba1.png>
Package pdftex.def Info: Prueba1.png  used on input line 248.
(pdftex.def)             Requested size: 443.57848pt x 238.49501pt.
<Prueba2.png, id=38, 880.28876pt x 414.54875pt>
File: Prueba2.png Graphic file (type png)
<use Prueba2.png>
Package pdftex.def Info: Prueba2.png  used on input line 249.
(pdftex.def)             Requested size: 443.57848pt x 208.88686pt.

Overfull \hbox (17.62482pt too wide) in paragraph at lines 248--250
[][]
 []

[6 <./Prueba1.png>] [7 <./Prueba2.png>]
<A.png, id=49, 1093.08376pt x 549.05125pt>
File: A.png Graphic file (type png)
<use A.png>
Package pdftex.def Info: A.png  used on input line 275.
(pdftex.def)             Requested size: 443.57848pt x 222.80856pt.

Overfull \hbox (29.3747pt too wide) in paragraph at lines 275--276
 [] 
 []

<B.png, id=50, 1093.08376pt x 549.05125pt>
File: B.png Graphic file (type png)
<use B.png>
Package pdftex.def Info: B.png  used on input line 277.
(pdftex.def)             Requested size: 443.57848pt x 222.80856pt.

Overfull \hbox (29.3747pt too wide) in paragraph at lines 276--278
 [] 
 []

[8 <./A.png> <./B.png>]
File: A.png Graphic file (type png)
<use A.png>
Package pdftex.def Info: A.png  used on input line 284.
(pdftex.def)             Requested size: 443.57848pt x 222.80856pt.

Overfull \hbox (29.3747pt too wide) in paragraph at lines 283--285
 [] 
 []

<C.png, id=56, 1093.08376pt x 549.05125pt>
File: C.png Graphic file (type png)
<use C.png>
Package pdftex.def Info: C.png  used on input line 286.
(pdftex.def)             Requested size: 443.57848pt x 222.80856pt.

Overfull \hbox (29.3747pt too wide) in paragraph at lines 285--287
 [] 
 []

[9 <./C.png>]
<D.png, id=61, 1093.08376pt x 549.05125pt>
File: D.png Graphic file (type png)
<use D.png>
Package pdftex.def Info: D.png  used on input line 313.
(pdftex.def)             Requested size: 443.57848pt x 222.80856pt.

Overfull \hbox (29.3747pt too wide) in paragraph at lines 313--314
 [] 
 []

<E.png, id=62, 1093.08376pt x 549.05125pt>
File: E.png Graphic file (type png)
<use E.png>
Package pdftex.def Info: E.png  used on input line 315.
(pdftex.def)             Requested size: 443.57848pt x 222.80856pt.

Overfull \hbox (29.3747pt too wide) in paragraph at lines 314--316
 [] 
 []

[10 <./D.png>]
<F.png, id=67, 1093.08376pt x 549.05125pt>
File: F.png Graphic file (type png)
<use F.png>
Package pdftex.def Info: F.png  used on input line 322.
(pdftex.def)             Requested size: 443.57848pt x 222.80856pt.

Overfull \hbox (29.3747pt too wide) in paragraph at lines 321--323
 [] 
 []

<G.png, id=68, 1093.08376pt x 549.05125pt>
File: G.png Graphic file (type png)
<use G.png>
Package pdftex.def Info: G.png  used on input line 324.
(pdftex.def)             Requested size: 443.57848pt x 222.80856pt.

Overfull \hbox (29.3747pt too wide) in paragraph at lines 323--325
 [] 
 []

[11 <./E.png> <./F.png>] [12 <./G.png>]
<H.png, id=79, 1093.08376pt x 549.05125pt>
File: H.png Graphic file (type png)
<use H.png>
Package pdftex.def Info: H.png  used on input line 349.
(pdftex.def)             Requested size: 443.57848pt x 222.80856pt.

Overfull \hbox (29.3747pt too wide) in paragraph at lines 349--350
 [] 
 []

<I.png, id=80, 1093.08376pt x 549.05125pt>
File: I.png Graphic file (type png)
<use I.png>
Package pdftex.def Info: I.png  used on input line 351.
(pdftex.def)             Requested size: 443.57848pt x 222.80856pt.

Overfull \hbox (29.3747pt too wide) in paragraph at lines 350--352
 [] 
 []

[13 <./H.png> <./I.png>]
File: H.png Graphic file (type png)
<use H.png>
Package pdftex.def Info: H.png  used on input line 358.
(pdftex.def)             Requested size: 443.57848pt x 222.80856pt.

Overfull \hbox (29.3747pt too wide) in paragraph at lines 357--359
 [] 
 []

<J.png, id=86, 1093.08376pt x 549.05125pt>
File: J.png Graphic file (type png)
<use J.png>
Package pdftex.def Info: J.png  used on input line 360.
(pdftex.def)             Requested size: 443.57848pt x 222.80856pt.

Overfull \hbox (29.3747pt too wide) in paragraph at lines 359--361
 [] 
 []

[14 <./J.png>]
<K.png, id=91, 1598.97375pt x 777.90625pt>
File: K.png Graphic file (type png)
<use K.png>
Package pdftex.def Info: K.png  used on input line 391.
(pdftex.def)             Requested size: 443.57848pt x 215.79437pt.

Overfull \hbox (29.3747pt too wide) in paragraph at lines 391--392
 [] 
 []

[15]
<L.png, id=95, 1598.97375pt x 777.90625pt>
File: L.png Graphic file (type png)
<use L.png>
Package pdftex.def Info: L.png  used on input line 407.
(pdftex.def)             Requested size: 443.57848pt x 215.79437pt.

Overfull \hbox (29.3747pt too wide) in paragraph at lines 406--408
 [] 
 []

[16 <./K.png>]
<M.png, id=100, 1458.44875pt x 167.62625pt>
File: M.png Graphic file (type png)
<use M.png>
Package pdftex.def Info: M.png  used on input line 425.
(pdftex.def)             Requested size: 443.57848pt x 50.9814pt.

Overfull \hbox (29.3747pt too wide) in paragraph at lines 424--426
 [] 
 []

[17 <./L.png> <./M.png>]
<N.png, id=106, 1467.4825pt x 612.2875pt>
File: N.png Graphic file (type png)
<use N.png>
Package pdftex.def Info: N.png  used on input line 453.
(pdftex.def)             Requested size: 443.57848pt x 185.07039pt.

Overfull \hbox (29.3747pt too wide) in paragraph at lines 453--454
 [] 
 []

[18 <./N.png>]
<O.png, id=112, 1467.4825pt x 748.7975pt>
File: O.png Graphic file (type png)
<use O.png>
Package pdftex.def Info: O.png  used on input line 478.
(pdftex.def)             Requested size: 443.57848pt x 226.33199pt.

Overfull \hbox (29.3747pt too wide) in paragraph at lines 478--479
 [] 
 []

[19 <./O.png>]
File: N.png Graphic file (type png)
<use N.png>
Package pdftex.def Info: N.png  used on input line 502.
(pdftex.def)             Requested size: 443.57848pt x 185.07039pt.

Overfull \hbox (29.3747pt too wide) in paragraph at lines 502--503
 [] 
 []

[20] (./Automotriz.aux)
 ***********
LaTeX2e <2023-06-01>
L3 programming layer <2023-06-05>
 ***********


LaTeX Warning: There were multiply-defined labels.

 ) 
Here is how much of TeX's memory you used:
 6263 strings out of 477633
 92175 string characters out of 5829709
 2201759 words of memory out of 5000000
 26711 multiletter control sequences out of 15000+600000
 518446 words of font info for 51 fonts, out of 8000000 for 9000
 40 hyphenation exceptions out of 8191
 72i,7n,79p,1013b,1906s stack positions out of 10000i,1000n,20000p,200000b,200000s
 </home/edgar/.texlive2023/texmf-var/fonts/pk/ljfour/jknappen/ec/tcrm1200.600
pk></usr/share/texlive/texmf-dist/fonts/type1/public/amsfonts/cm/cmbx12.pfb></u
sr/share/texlive/texmf-dist/fonts/type1/public/amsfonts/cm/cmmi12.pfb></usr/sha
re/texlive/texmf-dist/fonts/type1/public/amsfonts/cm/cmr12.pfb></usr/share/texl
ive/texmf-dist/fonts/type1/public/amsfonts/cm/cmr17.pfb></usr/share/texlive/tex
mf-dist/fonts/type1/public/amsfonts/cm/cmr6.pfb></usr/share/texlive/texmf-dist/
fonts/type1/public/amsfonts/cm/cmsy10.pfb></usr/share/texlive/texmf-dist/fonts/
type1/public/amsfonts/cm/cmtt12.pfb>
Output written on Automotriz.pdf (21 pages, 6602489 bytes).
PDF statistics:
 155 PDF objects out of 1000 (max. 8388607)
 74 compressed objects within 1 object stream
 0 named destinations out of 1000 (max. 500000)
 106 words of extra memory for PDF output out of 10000 (max. 10000000)

